2025-02-08 00:17:27 - Restarting due to 3 class path changes (0 additions, 0 deletions, 3 modifications)
2025-02-08 00:17:28 - Commencing graceful shutdown. Waiting for active requests to complete
2025-02-08 00:17:28 - Pausing ProtocolHandler ["http-nio-9001"]
2025-02-08 00:17:28 - Application shutdown requested.
2025-02-08 00:17:28 - Stopping ProtocolHandler ["http-nio-9001"]
2025-02-08 00:17:28 - Interrupt was received while waiting for the acceptor thread [http-nio-9001-Acceptor] to stop
java.lang.InterruptedException: null
	at java.base/java.util.concurrent.locks.AbstractQueuedSynchronizer.tryAcquireSharedNanos(AbstractQueuedSynchronizer.java:1133)
	at java.base/java.util.concurrent.CountDownLatch.await(CountDownLatch.java:276)
	at org.apache.tomcat.util.net.Acceptor.stopMillis(Acceptor.java:187)
	at org.apache.tomcat.util.net.NioEndpoint.stopInternal(NioEndpoint.java:304)
	at org.apache.tomcat.util.net.AbstractEndpoint.stop(AbstractEndpoint.java:1432)
	at org.apache.coyote.AbstractProtocol.stop(AbstractProtocol.java:723)
	at org.apache.catalina.connector.Connector.stopInternal(Connector.java:1078)
	at org.apache.catalina.util.LifecycleBase.stop(LifecycleBase.java:235)
	at org.apache.catalina.core.StandardService.removeConnector(StandardService.java:299)
	at org.springframework.boot.web.embedded.tomcat.TomcatWebServer.lambda$removeServiceConnectors$1(TomcatWebServer.java:173)
	at org.springframework.boot.web.embedded.tomcat.TomcatWebServer.doWithConnectors(TomcatWebServer.java:192)
	at org.springframework.boot.web.embedded.tomcat.TomcatWebServer.removeServiceConnectors(TomcatWebServer.java:170)
	at org.springframework.boot.web.embedded.tomcat.TomcatWebServer.stop(TomcatWebServer.java:358)
	at org.springframework.boot.web.servlet.context.WebServerStartStopLifecycle.stop(WebServerStartStopLifecycle.java:53)
	at org.springframework.context.SmartLifecycle.stop(SmartLifecycle.java:120)
	at org.springframework.context.support.DefaultLifecycleProcessor.doStop(DefaultLifecycleProcessor.java:384)
	at org.springframework.context.support.DefaultLifecycleProcessor$LifecycleGroup.stop(DefaultLifecycleProcessor.java:526)
	at java.base/java.lang.Iterable.forEach(Iterable.java:75)
	at org.springframework.context.support.DefaultLifecycleProcessor.stopBeans(DefaultLifecycleProcessor.java:353)
	at org.springframework.context.support.DefaultLifecycleProcessor.onClose(DefaultLifecycleProcessor.java:253)
	at org.springframework.context.support.AbstractApplicationContext.doClose(AbstractApplicationContext.java:1172)
	at org.springframework.boot.web.servlet.context.ServletWebServerApplicationContext.doClose(ServletWebServerApplicationContext.java:174)
	at org.springframework.context.support.AbstractApplicationContext.close(AbstractApplicationContext.java:1126)
	at org.springframework.boot.devtools.restart.Restarter.stop(Restarter.java:308)
	at org.springframework.boot.devtools.restart.Restarter.lambda$restart$1(Restarter.java:250)
	at org.springframework.boot.devtools.restart.Restarter$LeakSafeThread.run(Restarter.java:612)
2025-02-08 00:17:28 - Closing JPA EntityManagerFactory for persistence unit 'default'
2025-02-08 00:17:28 - HikariPool-1 - Shutdown initiated...
2025-02-08 00:17:28 - HikariPool-1 - Shutdown completed.
2025-02-08 00:17:29 - Starting ProdReadyFeaturesApplication using Java 22.0.1 with PID 5892 (D:\courses\0 to 100 anuj apring\workspace 2\prod-ready-features\target\classes started by DIGVIJAY in D:\courses\0 to 100 anuj apring\workspace 2\prod-ready-features)
2025-02-08 00:17:29 - No active profile set, falling back to 1 default profile: "default"
2025-02-08 00:17:29 - Graceful shutdown aborted with one or more requests still active
2025-02-08 00:17:30 - Bootstrapping Spring Data JPA repositories in DEFAULT mode.
2025-02-08 00:17:30 - Finished Spring Data repository scanning in 24 ms. Found 1 JPA repository interface.
2025-02-08 00:17:30 - Tomcat initialized with port 9001 (http)
2025-02-08 00:17:30 - Initializing ProtocolHandler ["http-nio-9001"]
2025-02-08 00:17:30 - Starting service [Tomcat]
2025-02-08 00:17:30 - Starting Servlet engine: [Apache Tomcat/10.1.34]
2025-02-08 00:17:31 - Initializing Spring embedded WebApplicationContext
2025-02-08 00:17:31 - Root WebApplicationContext: initialization completed in 1816 ms
2025-02-08 00:17:32 - HHH000204: Processing PersistenceUnitInfo [name: default]
2025-02-08 00:17:32 - HHH000026: Second-level cache disabled
2025-02-08 00:17:32 - Envers integration enabled? : true
2025-02-08 00:17:32 - No LoadTimeWeaver setup: ignoring JPA class transformer
2025-02-08 00:17:32 - HikariPool-2 - Starting...
2025-02-08 00:17:32 - HikariPool-2 - Added connection com.mysql.cj.jdbc.ConnectionImpl@e1f81a1
2025-02-08 00:17:32 - HikariPool-2 - Start completed.
2025-02-08 00:17:32 - HHH10001005: Database info:
	Database JDBC URL [Connecting through datasource 'HikariDataSource (HikariPool-2)']
	Database driver: undefined/unknown
	Database version: 8.0.40
	Autocommit mode: undefined/unknown
	Isolation level: undefined/unknown
	Minimum pool size: undefined/unknown
	Maximum pool size: undefined/unknown
2025-02-08 00:17:32 - Adding properties for entity: com.codingshuttle.vinay.prod_ready_features.prod_ready_features.entities.PostEntity
2025-02-08 00:17:33 - HHH000489: No JTA platform available (set 'hibernate.transaction.jta.platform' to enable JTA platform integration)
2025-02-08 00:17:33 - Initialized JPA EntityManagerFactory for persistence unit 'default'
2025-02-08 00:17:34 - LiveReload server is running on port 35729
2025-02-08 00:17:34 - Starting ProtocolHandler ["http-nio-9001"]
2025-02-08 00:17:34 - Tomcat started on port 9001 (http) with context path '/'
2025-02-08 00:17:34 - Started ProdReadyFeaturesApplication in 5.256 seconds (process running for 1694.376)
2025-02-08 00:17:34 - Condition evaluation unchanged
2025-02-08 00:17:35 - Restarting due to 26 class path changes (0 additions, 0 deletions, 26 modifications)
2025-02-08 00:17:35 - Commencing graceful shutdown. Waiting for active requests to complete
2025-02-08 00:17:35 - Pausing ProtocolHandler ["http-nio-9001"]
2025-02-08 00:17:35 - Graceful shutdown complete
2025-02-08 00:17:35 - Stopping ProtocolHandler ["http-nio-9001"]
2025-02-08 00:17:35 - Closing JPA EntityManagerFactory for persistence unit 'default'
2025-02-08 00:17:35 - HikariPool-2 - Shutdown initiated...
2025-02-08 00:17:35 - HikariPool-2 - Shutdown completed.
2025-02-08 00:17:35 - Starting ProdReadyFeaturesApplication using Java 22.0.1 with PID 5892 (D:\courses\0 to 100 anuj apring\workspace 2\prod-ready-features\target\classes started by DIGVIJAY in D:\courses\0 to 100 anuj apring\workspace 2\prod-ready-features)
2025-02-08 00:17:35 - No active profile set, falling back to 1 default profile: "default"
2025-02-08 00:17:36 - Bootstrapping Spring Data JPA repositories in DEFAULT mode.
2025-02-08 00:17:36 - Finished Spring Data repository scanning in 19 ms. Found 1 JPA repository interface.
2025-02-08 00:17:36 - Tomcat initialized with port 9001 (http)
2025-02-08 00:17:36 - Initializing ProtocolHandler ["http-nio-9001"]
2025-02-08 00:17:36 - Starting service [Tomcat]
2025-02-08 00:17:36 - Starting Servlet engine: [Apache Tomcat/10.1.34]
2025-02-08 00:17:36 - Initializing Spring embedded WebApplicationContext
2025-02-08 00:17:36 - Root WebApplicationContext: initialization completed in 381 ms
2025-02-08 00:17:36 - HHH000204: Processing PersistenceUnitInfo [name: default]
2025-02-08 00:17:36 - HHH000026: Second-level cache disabled
2025-02-08 00:17:36 - Envers integration enabled? : true
2025-02-08 00:17:36 - No LoadTimeWeaver setup: ignoring JPA class transformer
2025-02-08 00:17:36 - HikariPool-3 - Starting...
2025-02-08 00:17:36 - HikariPool-3 - Added connection com.mysql.cj.jdbc.ConnectionImpl@70450aa9
2025-02-08 00:17:36 - HikariPool-3 - Start completed.
2025-02-08 00:17:36 - HHH10001005: Database info:
	Database JDBC URL [Connecting through datasource 'HikariDataSource (HikariPool-3)']
	Database driver: undefined/unknown
	Database version: 8.0.40
	Autocommit mode: undefined/unknown
	Isolation level: undefined/unknown
	Minimum pool size: undefined/unknown
	Maximum pool size: undefined/unknown
2025-02-08 00:17:36 - Adding properties for entity: com.codingshuttle.vinay.prod_ready_features.prod_ready_features.entities.PostEntity
2025-02-08 00:17:36 - HHH000489: No JTA platform available (set 'hibernate.transaction.jta.platform' to enable JTA platform integration)
2025-02-08 00:17:36 - Initialized JPA EntityManagerFactory for persistence unit 'default'
2025-02-08 00:17:36 - LiveReload server is running on port 35729
2025-02-08 00:17:36 - Starting ProtocolHandler ["http-nio-9001"]
2025-02-08 00:17:36 - Tomcat started on port 9001 (http) with context path '/'
2025-02-08 00:17:36 - Started ProdReadyFeaturesApplication in 1.08 seconds (process running for 1696.921)
2025-02-08 00:17:36 - Condition evaluation unchanged
2025-02-08 00:17:51 - Starting ProdReadyFeaturesApplication using Java 22.0.1 with PID 13004 (D:\courses\0 to 100 anuj apring\workspace 2\prod-ready-features\target\classes started by DIGVIJAY in D:\courses\0 to 100 anuj apring\workspace 2\prod-ready-features)
2025-02-08 00:17:51 - No active profile set, falling back to 1 default profile: "default"
2025-02-08 00:17:51 - Devtools property defaults active! Set 'spring.devtools.add-properties' to 'false' to disable
2025-02-08 00:17:51 - For additional web related logging consider setting the 'logging.level.web' property to 'DEBUG'
2025-02-08 00:17:52 - Bootstrapping Spring Data JPA repositories in DEFAULT mode.
2025-02-08 00:17:52 - Finished Spring Data repository scanning in 55 ms. Found 1 JPA repository interface.
2025-02-08 00:17:53 - Tomcat initialized with port 9001 (http)
2025-02-08 00:17:53 - Initializing ProtocolHandler ["http-nio-9001"]
2025-02-08 00:17:53 - Starting service [Tomcat]
2025-02-08 00:17:53 - Starting Servlet engine: [Apache Tomcat/10.1.34]
2025-02-08 00:17:53 - Initializing Spring embedded WebApplicationContext
2025-02-08 00:17:53 - Root WebApplicationContext: initialization completed in 2135 ms
2025-02-08 00:17:53 - HHH000204: Processing PersistenceUnitInfo [name: default]
2025-02-08 00:17:54 - HHH000412: Hibernate ORM core version 6.6.4.Final
2025-02-08 00:17:54 - HHH000026: Second-level cache disabled
2025-02-08 00:17:54 - Envers integration enabled? : true
2025-02-08 00:17:54 - No LoadTimeWeaver setup: ignoring JPA class transformer
2025-02-08 00:17:54 - HikariPool-1 - Starting...
2025-02-08 00:17:54 - HikariPool-1 - Added connection com.mysql.cj.jdbc.ConnectionImpl@59c91dd9
2025-02-08 00:17:54 - HikariPool-1 - Start completed.
2025-02-08 00:17:54 - HHH10001005: Database info:
	Database JDBC URL [Connecting through datasource 'HikariDataSource (HikariPool-1)']
	Database driver: undefined/unknown
	Database version: 8.0.40
	Autocommit mode: undefined/unknown
	Isolation level: undefined/unknown
	Minimum pool size: undefined/unknown
	Maximum pool size: undefined/unknown
2025-02-08 00:17:54 - Adding properties for entity: com.codingshuttle.vinay.prod_ready_features.prod_ready_features.entities.PostEntity
2025-02-08 00:17:55 - HHH000489: No JTA platform available (set 'hibernate.transaction.jta.platform' to enable JTA platform integration)
2025-02-08 00:17:56 - Initialized JPA EntityManagerFactory for persistence unit 'default'
2025-02-08 00:17:57 - LiveReload server is running on port 35729
2025-02-08 00:17:57 - Exposing 1 endpoint beneath base path '/actuator'
2025-02-08 00:17:57 - Starting ProtocolHandler ["http-nio-9001"]
2025-02-08 00:17:57 - Tomcat started on port 9001 (http) with context path '/'
2025-02-08 00:17:57 - Started ProdReadyFeaturesApplication in 7.234 seconds (process running for 7.921)
2025-02-08 00:17:58 - Initializing Spring DispatcherServlet 'dispatcherServlet'
2025-02-08 00:17:58 - Initializing Servlet 'dispatcherServlet'
2025-02-08 00:17:58 - Completed initialization in 2 ms
2025-02-08 00:20:42 - Application shutdown requested.
2025-02-08 00:20:42 - Commencing graceful shutdown. Waiting for active requests to complete
2025-02-08 00:20:42 - Pausing ProtocolHandler ["http-nio-9001"]
2025-02-08 00:20:42 - Graceful shutdown complete
2025-02-08 00:20:42 - Stopping ProtocolHandler ["http-nio-9001"]
2025-02-08 00:20:42 - Closing JPA EntityManagerFactory for persistence unit 'default'
2025-02-08 00:20:42 - HikariPool-1 - Shutdown initiated...
2025-02-08 00:20:42 - HikariPool-1 - Shutdown completed.
2025-02-08 09:28:40 - Starting ProdReadyFeaturesApplication using Java 22.0.1 with PID 19864 (D:\courses\0 to 100 anuj apring\workspace 2\prod-ready-features\target\classes started by DIGVIJAY in D:\courses\0 to 100 anuj apring\workspace 2\prod-ready-features)
2025-02-08 09:28:40 - No active profile set, falling back to 1 default profile: "default"
2025-02-08 09:28:40 - Devtools property defaults active! Set 'spring.devtools.add-properties' to 'false' to disable
2025-02-08 09:28:40 - For additional web related logging consider setting the 'logging.level.web' property to 'DEBUG'
2025-02-08 09:28:43 - Bootstrapping Spring Data JPA repositories in DEFAULT mode.
2025-02-08 09:28:43 - Finished Spring Data repository scanning in 99 ms. Found 1 JPA repository interface.
2025-02-08 09:28:44 - Tomcat initialized with port 9001 (http)
2025-02-08 09:28:44 - Initializing ProtocolHandler ["http-nio-9001"]
2025-02-08 09:28:44 - Starting service [Tomcat]
2025-02-08 09:28:44 - Starting Servlet engine: [Apache Tomcat/10.1.34]
2025-02-08 09:28:44 - Initializing Spring embedded WebApplicationContext
2025-02-08 09:28:44 - Root WebApplicationContext: initialization completed in 4018 ms
2025-02-08 09:28:45 - HHH000204: Processing PersistenceUnitInfo [name: default]
2025-02-08 09:28:46 - HHH000412: Hibernate ORM core version 6.6.4.Final
2025-02-08 09:28:46 - HHH000026: Second-level cache disabled
2025-02-08 09:28:46 - Envers integration enabled? : true
2025-02-08 09:28:46 - No LoadTimeWeaver setup: ignoring JPA class transformer
2025-02-08 09:28:46 - HikariPool-1 - Starting...
2025-02-08 09:28:46 - HikariPool-1 - Added connection com.mysql.cj.jdbc.ConnectionImpl@49b81f27
2025-02-08 09:28:46 - HikariPool-1 - Start completed.
2025-02-08 09:28:47 - HHH10001005: Database info:
	Database JDBC URL [Connecting through datasource 'HikariDataSource (HikariPool-1)']
	Database driver: undefined/unknown
	Database version: 8.0.40
	Autocommit mode: undefined/unknown
	Isolation level: undefined/unknown
	Minimum pool size: undefined/unknown
	Maximum pool size: undefined/unknown
2025-02-08 09:28:47 - Adding properties for entity: com.codingshuttle.vinay.prod_ready_features.prod_ready_features.entities.PostEntity
2025-02-08 09:28:49 - HHH000489: No JTA platform available (set 'hibernate.transaction.jta.platform' to enable JTA platform integration)
2025-02-08 09:28:49 - Initialized JPA EntityManagerFactory for persistence unit 'default'
2025-02-08 09:28:52 - LiveReload server is running on port 35729
2025-02-08 09:28:52 - Exposing 15 endpoints beneath base path '/actuator'
2025-02-08 09:28:53 - Starting ProtocolHandler ["http-nio-9001"]
2025-02-08 09:28:53 - Tomcat started on port 9001 (http) with context path '/'
2025-02-08 09:28:53 - Started ProdReadyFeaturesApplication in 13.514 seconds (process running for 15.715)
2025-02-08 09:28:53 - Initializing Spring DispatcherServlet 'dispatcherServlet'
2025-02-08 09:28:53 - Initializing Servlet 'dispatcherServlet'
2025-02-08 09:28:53 - Completed initialization in 3 ms
2025-02-08 09:37:24 - Restarting due to 3 class path changes (0 additions, 0 deletions, 3 modifications)
2025-02-08 09:37:24 - Commencing graceful shutdown. Waiting for active requests to complete
2025-02-08 09:37:24 - Pausing ProtocolHandler ["http-nio-9001"]
2025-02-08 09:37:24 - Graceful shutdown complete
2025-02-08 09:37:24 - Stopping ProtocolHandler ["http-nio-9001"]
2025-02-08 09:37:24 - Closing JPA EntityManagerFactory for persistence unit 'default'
2025-02-08 09:37:24 - HikariPool-1 - Shutdown initiated...
2025-02-08 09:37:24 - HikariPool-1 - Shutdown completed.
2025-02-08 09:37:25 - Starting ProdReadyFeaturesApplication using Java 22.0.1 with PID 19864 (D:\courses\0 to 100 anuj apring\workspace 2\prod-ready-features\target\classes started by DIGVIJAY in D:\courses\0 to 100 anuj apring\workspace 2\prod-ready-features)
2025-02-08 09:37:25 - No active profile set, falling back to 1 default profile: "default"
2025-02-08 09:37:26 - Bootstrapping Spring Data JPA repositories in DEFAULT mode.
2025-02-08 09:37:26 - Finished Spring Data repository scanning in 47 ms. Found 1 JPA repository interface.
2025-02-08 09:37:26 - Tomcat initialized with port 9001 (http)
2025-02-08 09:37:26 - Initializing ProtocolHandler ["http-nio-9001"]
2025-02-08 09:37:26 - Starting service [Tomcat]
2025-02-08 09:37:26 - Starting Servlet engine: [Apache Tomcat/10.1.34]
2025-02-08 09:37:26 - Initializing Spring embedded WebApplicationContext
2025-02-08 09:37:26 - Root WebApplicationContext: initialization completed in 1742 ms
2025-02-08 09:37:27 - HHH000204: Processing PersistenceUnitInfo [name: default]
2025-02-08 09:37:27 - HHH000026: Second-level cache disabled
2025-02-08 09:37:27 - Envers integration enabled? : true
2025-02-08 09:37:27 - No LoadTimeWeaver setup: ignoring JPA class transformer
2025-02-08 09:37:27 - HikariPool-2 - Starting...
2025-02-08 09:37:27 - HikariPool-2 - Added connection com.mysql.cj.jdbc.ConnectionImpl@2644f9aa
2025-02-08 09:37:27 - HikariPool-2 - Start completed.
2025-02-08 09:37:27 - HHH10001005: Database info:
	Database JDBC URL [Connecting through datasource 'HikariDataSource (HikariPool-2)']
	Database driver: undefined/unknown
	Database version: 8.0.40
	Autocommit mode: undefined/unknown
	Isolation level: undefined/unknown
	Minimum pool size: undefined/unknown
	Maximum pool size: undefined/unknown
2025-02-08 09:37:27 - Adding properties for entity: com.codingshuttle.vinay.prod_ready_features.prod_ready_features.entities.PostEntity
2025-02-08 09:37:27 - HHH000489: No JTA platform available (set 'hibernate.transaction.jta.platform' to enable JTA platform integration)
2025-02-08 09:37:27 - Initialized JPA EntityManagerFactory for persistence unit 'default'
2025-02-08 09:37:29 - LiveReload server is running on port 35729
2025-02-08 09:37:29 - Exposing 15 endpoints beneath base path '/actuator'
2025-02-08 09:37:29 - Starting ProtocolHandler ["http-nio-9001"]
2025-02-08 09:37:29 - Tomcat started on port 9001 (http) with context path '/'
2025-02-08 09:37:29 - Started ProdReadyFeaturesApplication in 4.848 seconds (process running for 532.383)
2025-02-08 09:37:29 - Condition evaluation unchanged
2025-02-08 09:39:14 - Restarting due to 3 class path changes (0 additions, 0 deletions, 3 modifications)
2025-02-08 09:39:15 - Commencing graceful shutdown. Waiting for active requests to complete
2025-02-08 09:39:15 - Pausing ProtocolHandler ["http-nio-9001"]
2025-02-08 09:39:15 - Graceful shutdown complete
2025-02-08 09:39:15 - Stopping ProtocolHandler ["http-nio-9001"]
2025-02-08 09:39:15 - Closing JPA EntityManagerFactory for persistence unit 'default'
2025-02-08 09:39:15 - HikariPool-2 - Shutdown initiated...
2025-02-08 09:39:15 - HikariPool-2 - Shutdown completed.
2025-02-08 09:39:20 - Starting ProdReadyFeaturesApplication using Java 22.0.1 with PID 19864 (D:\courses\0 to 100 anuj apring\workspace 2\prod-ready-features\target\classes started by DIGVIJAY in D:\courses\0 to 100 anuj apring\workspace 2\prod-ready-features)
2025-02-08 09:39:20 - No active profile set, falling back to 1 default profile: "default"
2025-02-08 09:39:20 - Bootstrapping Spring Data JPA repositories in DEFAULT mode.
2025-02-08 09:39:20 - Finished Spring Data repository scanning in 28 ms. Found 1 JPA repository interface.
2025-02-08 09:39:21 - Tomcat initialized with port 9001 (http)
2025-02-08 09:39:21 - Starting service [Tomcat]
2025-02-08 09:39:21 - Starting Servlet engine: [Apache Tomcat/10.1.34]
2025-02-08 09:39:21 - Initializing Spring embedded WebApplicationContext
2025-02-08 09:39:21 - Root WebApplicationContext: initialization completed in 1291 ms
2025-02-08 09:39:21 - HHH000204: Processing PersistenceUnitInfo [name: default]
2025-02-08 09:39:21 - HHH000026: Second-level cache disabled
2025-02-08 09:39:21 - Envers integration enabled? : true
2025-02-08 09:39:21 - No LoadTimeWeaver setup: ignoring JPA class transformer
2025-02-08 09:39:21 - HikariPool-3 - Starting...
2025-02-08 09:39:21 - HikariPool-3 - Added connection com.mysql.cj.jdbc.ConnectionImpl@766c839
2025-02-08 09:39:21 - HikariPool-3 - Start completed.
2025-02-08 09:39:21 - HHH10001005: Database info:
	Database JDBC URL [Connecting through datasource 'HikariDataSource (HikariPool-3)']
	Database driver: undefined/unknown
	Database version: 8.0.40
	Autocommit mode: undefined/unknown
	Isolation level: undefined/unknown
	Minimum pool size: undefined/unknown
	Maximum pool size: undefined/unknown
2025-02-08 09:39:21 - Adding properties for entity: com.codingshuttle.vinay.prod_ready_features.prod_ready_features.entities.PostEntity
2025-02-08 09:39:22 - HHH000489: No JTA platform available (set 'hibernate.transaction.jta.platform' to enable JTA platform integration)
2025-02-08 09:39:22 - Initialized JPA EntityManagerFactory for persistence unit 'default'
2025-02-08 09:39:23 - LiveReload server is running on port 35729
2025-02-08 09:39:23 - Exposing 15 endpoints beneath base path '/actuator'
2025-02-08 09:39:23 - Tomcat started on port 9001 (http) with context path '/'
2025-02-08 09:39:23 - Started ProdReadyFeaturesApplication in 3.708 seconds (process running for 646.327)
2025-02-08 09:39:23 - Condition evaluation unchanged
2025-02-08 09:39:23 - Application shutdown requested.
2025-02-08 09:39:23 - Commencing graceful shutdown. Waiting for active requests to complete
2025-02-08 09:39:23 - Graceful shutdown complete
2025-02-08 09:39:23 - Closing JPA EntityManagerFactory for persistence unit 'default'
2025-02-08 09:39:23 - HikariPool-3 - Shutdown initiated...
2025-02-08 09:39:23 - HikariPool-3 - Shutdown completed.
2025-02-08 09:39:50 - Starting ProdReadyFeaturesApplication using Java 22.0.1 with PID 1128 (D:\courses\0 to 100 anuj apring\workspace 2\prod-ready-features\target\classes started by DIGVIJAY in D:\courses\0 to 100 anuj apring\workspace 2\prod-ready-features)
2025-02-08 09:39:50 - No active profile set, falling back to 1 default profile: "default"
2025-02-08 09:39:50 - Devtools property defaults active! Set 'spring.devtools.add-properties' to 'false' to disable
2025-02-08 09:39:50 - For additional web related logging consider setting the 'logging.level.web' property to 'DEBUG'
2025-02-08 09:39:52 - Bootstrapping Spring Data JPA repositories in DEFAULT mode.
2025-02-08 09:39:53 - Finished Spring Data repository scanning in 112 ms. Found 1 JPA repository interface.
2025-02-08 09:39:54 - Tomcat initialized with port 9001 (http)
2025-02-08 09:39:54 - Initializing ProtocolHandler ["http-nio-9001"]
2025-02-08 09:39:54 - Starting service [Tomcat]
2025-02-08 09:39:54 - Starting Servlet engine: [Apache Tomcat/10.1.34]
2025-02-08 09:39:55 - Initializing Spring embedded WebApplicationContext
2025-02-08 09:39:55 - Root WebApplicationContext: initialization completed in 4030 ms
2025-02-08 09:39:55 - HHH000204: Processing PersistenceUnitInfo [name: default]
2025-02-08 09:39:56 - HHH000412: Hibernate ORM core version 6.6.4.Final
2025-02-08 09:39:56 - HHH000026: Second-level cache disabled
2025-02-08 09:39:56 - Envers integration enabled? : true
2025-02-08 09:39:56 - No LoadTimeWeaver setup: ignoring JPA class transformer
2025-02-08 09:39:56 - HikariPool-1 - Starting...
2025-02-08 09:39:57 - HikariPool-1 - Added connection com.mysql.cj.jdbc.ConnectionImpl@456a10b7
2025-02-08 09:39:57 - HikariPool-1 - Start completed.
2025-02-08 09:39:57 - HHH10001005: Database info:
	Database JDBC URL [Connecting through datasource 'HikariDataSource (HikariPool-1)']
	Database driver: undefined/unknown
	Database version: 8.0.40
	Autocommit mode: undefined/unknown
	Isolation level: undefined/unknown
	Minimum pool size: undefined/unknown
	Maximum pool size: undefined/unknown
2025-02-08 09:39:57 - Adding properties for entity: com.codingshuttle.vinay.prod_ready_features.prod_ready_features.entities.PostEntity
2025-02-08 09:39:59 - HHH000489: No JTA platform available (set 'hibernate.transaction.jta.platform' to enable JTA platform integration)
2025-02-08 09:39:59 - Initialized JPA EntityManagerFactory for persistence unit 'default'
2025-02-08 09:40:01 - Failed to set up a Bean Validation provider: jakarta.validation.NoProviderFoundException: Unable to create a Configuration, because no Jakarta Bean Validation provider could be found. Add a provider like Hibernate Validator (RI) to your classpath.
2025-02-08 09:40:04 - LiveReload server is running on port 35729
2025-02-08 09:40:04 - Exposing 15 endpoints beneath base path '/actuator'
2025-02-08 09:40:05 - Starting ProtocolHandler ["http-nio-9001"]
2025-02-08 09:40:05 - Tomcat started on port 9001 (http) with context path '/'
2025-02-08 09:40:05 - Started ProdReadyFeaturesApplication in 15.175 seconds (process running for 16.41)
2025-02-08 09:40:06 - Initializing Spring DispatcherServlet 'dispatcherServlet'
2025-02-08 09:40:06 - Initializing Servlet 'dispatcherServlet'
2025-02-08 09:40:06 - Completed initialization in 5 ms
2025-02-08 09:40:45 - Init duration for springdoc-openapi is: 729 ms
2025-02-08 09:49:45 - Application shutdown requested.
2025-02-08 09:49:45 - Commencing graceful shutdown. Waiting for active requests to complete
2025-02-08 09:49:45 - Pausing ProtocolHandler ["http-nio-9001"]
2025-02-08 09:49:45 - Graceful shutdown complete
2025-02-08 09:49:45 - Stopping ProtocolHandler ["http-nio-9001"]
2025-02-08 09:49:45 - Closing JPA EntityManagerFactory for persistence unit 'default'
2025-02-08 09:49:46 - HikariPool-1 - Shutdown initiated...
2025-02-08 09:49:46 - HikariPool-1 - Shutdown completed.
2025-02-08 10:33:55 - Starting ProdReadyFeaturesApplication using Java 22.0.1 with PID 13448 (D:\courses\0 to 100 anuj apring\workspace 2\prod-ready-features\target\classes started by DIGVIJAY in D:\courses\0 to 100 anuj apring\workspace 2\prod-ready-features)
2025-02-08 10:33:55 - No active profile set, falling back to 1 default profile: "default"
2025-02-08 10:33:55 - Devtools property defaults active! Set 'spring.devtools.add-properties' to 'false' to disable
2025-02-08 10:33:55 - For additional web related logging consider setting the 'logging.level.web' property to 'DEBUG'
2025-02-08 10:33:57 - Bootstrapping Spring Data JPA repositories in DEFAULT mode.
2025-02-08 10:33:57 - Finished Spring Data repository scanning in 72 ms. Found 1 JPA repository interface.
2025-02-08 10:33:59 - Tomcat initialized with port 9001 (http)
2025-02-08 10:33:59 - Initializing ProtocolHandler ["http-nio-9001"]
2025-02-08 10:33:59 - Starting service [Tomcat]
2025-02-08 10:33:59 - Starting Servlet engine: [Apache Tomcat/10.1.34]
2025-02-08 10:33:59 - Initializing Spring embedded WebApplicationContext
2025-02-08 10:33:59 - Root WebApplicationContext: initialization completed in 3946 ms
2025-02-08 10:34:00 - HHH000204: Processing PersistenceUnitInfo [name: default]
2025-02-08 10:34:00 - HHH000412: Hibernate ORM core version 6.6.4.Final
2025-02-08 10:34:00 - HHH000026: Second-level cache disabled
2025-02-08 10:34:00 - Envers integration enabled? : true
2025-02-08 10:34:01 - No LoadTimeWeaver setup: ignoring JPA class transformer
2025-02-08 10:34:01 - HikariPool-1 - Starting...
2025-02-08 10:34:01 - HikariPool-1 - Added connection com.mysql.cj.jdbc.ConnectionImpl@58f81b06
2025-02-08 10:34:01 - HikariPool-1 - Start completed.
2025-02-08 10:34:01 - HHH10001005: Database info:
	Database JDBC URL [Connecting through datasource 'HikariDataSource (HikariPool-1)']
	Database driver: undefined/unknown
	Database version: 8.0.40
	Autocommit mode: undefined/unknown
	Isolation level: undefined/unknown
	Minimum pool size: undefined/unknown
	Maximum pool size: undefined/unknown
2025-02-08 10:34:02 - Adding properties for entity: com.codingshuttle.vinay.prod_ready_features.prod_ready_features.entities.PostEntity
2025-02-08 10:34:03 - HHH000489: No JTA platform available (set 'hibernate.transaction.jta.platform' to enable JTA platform integration)
2025-02-08 10:34:04 - Initialized JPA EntityManagerFactory for persistence unit 'default'
2025-02-08 10:34:06 - Failed to set up a Bean Validation provider: jakarta.validation.NoProviderFoundException: Unable to create a Configuration, because no Jakarta Bean Validation provider could be found. Add a provider like Hibernate Validator (RI) to your classpath.
2025-02-08 10:34:08 - LiveReload server is running on port 35729
2025-02-08 10:34:08 - Exposing 15 endpoints beneath base path '/actuator'
2025-02-08 10:34:08 - Starting ProtocolHandler ["http-nio-9001"]
2025-02-08 10:34:08 - Tomcat started on port 9001 (http) with context path '/'
2025-02-08 10:34:08 - Started ProdReadyFeaturesApplication in 14.223 seconds (process running for 16.704)
2025-02-08 10:34:09 - Initializing Spring DispatcherServlet 'dispatcherServlet'
2025-02-08 10:34:09 - Initializing Servlet 'dispatcherServlet'
2025-02-08 10:34:09 - Completed initialization in 4 ms
2025-02-08 10:34:21 - Init duration for springdoc-openapi is: 563 ms
