2025-02-07 23:49:21 - Starting ProdReadyFeaturesApplication using Java 22.0.1 with PID 5892 (D:\courses\0 to 100 anuj apring\workspace 2\prod-ready-features\target\classes started by DIGVIJAY in D:\courses\0 to 100 anuj apring\workspace 2\prod-ready-features)
2025-02-07 23:49:21 - No active profile set, falling back to 1 default profile: "default"
2025-02-07 23:49:21 - Devtools property defaults active! Set 'spring.devtools.add-properties' to 'false' to disable
2025-02-07 23:49:21 - For additional web related logging consider setting the 'logging.level.web' property to 'DEBUG'
2025-02-07 23:49:21 - Bootstrapping Spring Data JPA repositories in DEFAULT mode.
2025-02-07 23:49:22 - Finished Spring Data repository scanning in 62 ms. Found 1 JPA repository interface.
2025-02-07 23:49:22 - Tomcat initialized with port 9001 (http)
2025-02-07 23:49:22 - Initializing ProtocolHandler ["http-nio-9001"]
2025-02-07 23:49:22 - Starting service [Tomcat]
2025-02-07 23:49:22 - Starting Servlet engine: [Apache Tomcat/10.1.34]
2025-02-07 23:49:22 - Initializing Spring embedded WebApplicationContext
2025-02-07 23:49:22 - Root WebApplicationContext: initialization completed in 1481 ms
2025-02-07 23:49:22 - HHH000204: Processing PersistenceUnitInfo [name: default]
2025-02-07 23:49:22 - HHH000412: Hibernate ORM core version 6.6.4.Final
2025-02-07 23:49:22 - HHH000026: Second-level cache disabled
2025-02-07 23:49:23 - Envers integration enabled? : true
2025-02-07 23:49:23 - No LoadTimeWeaver setup: ignoring JPA class transformer
2025-02-07 23:49:23 - HikariPool-1 - Starting...
2025-02-07 23:49:23 - HikariPool-1 - Added connection com.mysql.cj.jdbc.ConnectionImpl@51353c41
2025-02-07 23:49:23 - HikariPool-1 - Start completed.
2025-02-07 23:49:23 - HHH10001005: Database info:
	Database JDBC URL [Connecting through datasource 'HikariDataSource (HikariPool-1)']
	Database driver: undefined/unknown
	Database version: 8.0.40
	Autocommit mode: undefined/unknown
	Isolation level: undefined/unknown
	Minimum pool size: undefined/unknown
	Maximum pool size: undefined/unknown
2025-02-07 23:49:23 - Adding properties for entity: com.codingshuttle.vinay.prod_ready_features.prod_ready_features.entities.PostEntity
2025-02-07 23:49:24 - HHH000489: No JTA platform available (set 'hibernate.transaction.jta.platform' to enable JTA platform integration)
2025-02-07 23:49:24 - Initialized JPA EntityManagerFactory for persistence unit 'default'
2025-02-07 23:49:25 - LiveReload server is running on port 35729
2025-02-07 23:49:25 - Starting ProtocolHandler ["http-nio-9001"]
2025-02-07 23:49:25 - Tomcat started on port 9001 (http) with context path '/'
2025-02-07 23:49:25 - Started ProdReadyFeaturesApplication in 4.894 seconds (process running for 5.662)
