2025-02-07T23:41:02.937+05:30  INFO 16712 --- [prod-ready-features] [restartedMain] c.c.v.p.p.ProdReadyFeaturesApplication   : Starting ProdReadyFeaturesApplication using Java 22.0.1 with PID 16712 (D:\courses\0 to 100 anuj apring\workspace 2\prod-ready-features\target\classes started by DIGVIJAY in D:\courses\0 to 100 anuj apring\workspace 2\prod-ready-features)
2025-02-07T23:41:02.941+05:30  INFO 16712 --- [prod-ready-features] [restartedMain] c.c.v.p.p.ProdReadyFeaturesApplication   : No active profile set, falling back to 1 default profile: "default"
2025-02-07T23:41:03.007+05:30  INFO 16712 --- [prod-ready-features] [restartedMain] .e.DevToolsPropertyDefaultsPostProcessor : Devtools property defaults active! Set 'spring.devtools.add-properties' to 'false' to disable
2025-02-07T23:41:03.008+05:30  INFO 16712 --- [prod-ready-features] [restartedMain] .e.DevToolsPropertyDefaultsPostProcessor : For additional web related logging consider setting the 'logging.level.web' property to 'DEBUG'
2025-02-07T23:41:03.729+05:30  INFO 16712 --- [prod-ready-features] [restartedMain] .s.d.r.c.RepositoryConfigurationDelegate : Bootstrapping Spring Data JPA repositories in DEFAULT mode.
2025-02-07T23:41:03.798+05:30  INFO 16712 --- [prod-ready-features] [restartedMain] .s.d.r.c.RepositoryConfigurationDelegate : Finished Spring Data repository scanning in 59 ms. Found 1 JPA repository interface.
2025-02-07T23:41:04.430+05:30  INFO 16712 --- [prod-ready-features] [restartedMain] o.s.b.w.embedded.tomcat.TomcatWebServer  : Tomcat initialized with port 9001 (http)
2025-02-07T23:41:04.445+05:30  INFO 16712 --- [prod-ready-features] [restartedMain] o.apache.catalina.core.StandardService   : Starting service [Tomcat]
2025-02-07T23:41:04.446+05:30  INFO 16712 --- [prod-ready-features] [restartedMain] o.apache.catalina.core.StandardEngine    : Starting Servlet engine: [Apache Tomcat/10.1.34]
2025-02-07T23:41:04.499+05:30  INFO 16712 --- [prod-ready-features] [restartedMain] o.a.c.c.C.[Tomcat].[localhost].[/]       : Initializing Spring embedded WebApplicationContext
2025-02-07T23:41:04.500+05:30  INFO 16712 --- [prod-ready-features] [restartedMain] w.s.c.ServletWebServerApplicationContext : Root WebApplicationContext: initialization completed in 1491 ms
2025-02-07T23:41:04.658+05:30  INFO 16712 --- [prod-ready-features] [restartedMain] o.hibernate.jpa.internal.util.LogHelper  : HHH000204: Processing PersistenceUnitInfo [name: default]
2025-02-07T23:41:04.720+05:30  INFO 16712 --- [prod-ready-features] [restartedMain] org.hibernate.Version                    : HHH000412: Hibernate ORM core version 6.6.4.Final
2025-02-07T23:41:04.755+05:30  INFO 16712 --- [prod-ready-features] [restartedMain] o.h.c.internal.RegionFactoryInitiator    : HHH000026: Second-level cache disabled
2025-02-07T23:41:04.863+05:30  INFO 16712 --- [prod-ready-features] [restartedMain] o.h.e.boot.internal.EnversServiceImpl    : Envers integration enabled? : true
2025-02-07T23:41:05.053+05:30  INFO 16712 --- [prod-ready-features] [restartedMain] o.s.o.j.p.SpringPersistenceUnitInfo      : No LoadTimeWeaver setup: ignoring JPA class transformer
2025-02-07T23:41:05.084+05:30  INFO 16712 --- [prod-ready-features] [restartedMain] com.zaxxer.hikari.HikariDataSource       : HikariPool-1 - Starting...
2025-02-07T23:41:05.263+05:30  INFO 16712 --- [prod-ready-features] [restartedMain] com.zaxxer.hikari.pool.HikariPool        : HikariPool-1 - Added connection com.mysql.cj.jdbc.ConnectionImpl@6ffdb995
2025-02-07T23:41:05.266+05:30  INFO 16712 --- [prod-ready-features] [restartedMain] com.zaxxer.hikari.HikariDataSource       : HikariPool-1 - Start completed.
2025-02-07T23:41:05.355+05:30  INFO 16712 --- [prod-ready-features] [restartedMain] org.hibernate.orm.connections.pooling    : HHH10001005: Database info:
	Database JDBC URL [Connecting through datasource 'HikariDataSource (HikariPool-1)']
	Database driver: undefined/unknown
	Database version: 8.0.40
	Autocommit mode: undefined/unknown
	Isolation level: undefined/unknown
	Minimum pool size: undefined/unknown
	Maximum pool size: undefined/unknown
2025-02-07T23:41:05.575+05:30  INFO 16712 --- [prod-ready-features] [restartedMain] o.h.e.c.i.m.AuditMetadataGenerator       : Adding properties for entity: com.codingshuttle.vinay.prod_ready_features.prod_ready_features.entities.PostEntity
2025-02-07T23:41:06.300+05:30  INFO 16712 --- [prod-ready-features] [restartedMain] o.h.e.t.j.p.i.JtaPlatformInitiator       : HHH000489: No JTA platform available (set 'hibernate.transaction.jta.platform' to enable JTA platform integration)
2025-02-07T23:41:06.483+05:30  INFO 16712 --- [prod-ready-features] [restartedMain] j.LocalContainerEntityManagerFactoryBean : Initialized JPA EntityManagerFactory for persistence unit 'default'
2025-02-07T23:41:07.377+05:30  INFO 16712 --- [prod-ready-features] [restartedMain] o.s.b.d.a.OptionalLiveReloadServer       : LiveReload server is running on port 35729
2025-02-07T23:41:07.415+05:30  INFO 16712 --- [prod-ready-features] [restartedMain] o.s.b.w.embedded.tomcat.TomcatWebServer  : Tomcat started on port 9001 (http) with context path '/'
2025-02-07T23:41:07.425+05:30  INFO 16712 --- [prod-ready-features] [restartedMain] c.c.v.p.p.ProdReadyFeaturesApplication   : Started ProdReadyFeaturesApplication in 4.944 seconds (process running for 5.722)
2025-02-07T23:42:48.348+05:30  INFO 16712 --- [prod-ready-features] [File Watcher] rtingClassPathChangeChangedEventListener : Restarting due to 1 class path change (1 addition, 0 deletions, 0 modifications)
2025-02-07T23:42:48.351+05:30  INFO 16712 --- [prod-ready-features] [Thread-5] o.s.b.w.e.tomcat.GracefulShutdown        : Commencing graceful shutdown. Waiting for active requests to complete
2025-02-07T23:42:48.370+05:30  INFO 16712 --- [prod-ready-features] [tomcat-shutdown] o.s.b.w.e.tomcat.GracefulShutdown        : Graceful shutdown complete
2025-02-07T23:42:48.377+05:30  INFO 16712 --- [prod-ready-features] [Thread-5] j.LocalContainerEntityManagerFactoryBean : Closing JPA EntityManagerFactory for persistence unit 'default'
2025-02-07T23:42:48.382+05:30  INFO 16712 --- [prod-ready-features] [Thread-5] com.zaxxer.hikari.HikariDataSource       : HikariPool-1 - Shutdown initiated...
2025-02-07T23:42:48.403+05:30  INFO 16712 --- [prod-ready-features] [Thread-5] com.zaxxer.hikari.HikariDataSource       : HikariPool-1 - Shutdown completed.
